# JRE version: Java(TM) SE Runtime Environment (16.0+36) (build 16+36-2231)
# Java VM: Java HotSpot(TM) 64-Bit Server VM (16+36-2231, mixed mode, sharing, tiered, compressed oops, g1 gc, windows-amd64)
GC Precious Log:
 CPUs: 12 total, 12 available
 Memory: 16332M
 Large Page Support: Disabled
 NUMA Support: Disabled
 Compressed Oops: Enabled (Zero based)
 Heap Region Size: 2M
 Heap Min Capacity: 8M
 Heap Initial Capacity: 256M
 Heap Max Capacity: 4084M
 Pre-touch: Disabled
 Parallel Workers: 10
 Concurrent Workers: 3
 Concurrent Refinement Workers: 10
 Periodic GC: Disabled
Heap:
 garbage-first heap   total 81920K, used 65432K [0x0000000700c00000, 0x0000000800000000)
  region size 2048K, 19 young (38912K), 1 survivors (2048K)
 Metaspace       used 67417K, committed 68032K, reserved 1114112K
  class space    used 8336K, committed 8640K, reserved 1048576K
GC Heap History (20 events):
Event: 232.376 GC heap before
{Heap before GC invocations=224 (full 0):
 garbage-first heap   total 81920K, used 69561K [0x0000000700c00000, 0x0000000800000000)
  region size 2048K, 19 young (38912K), 1 survivors (2048K)
 Metaspace       used 67240K, committed 67840K, reserved 1114112K
  class space    used 8309K, committed 8576K, reserved 1048576K
}
Event: 232.377 GC heap after
{Heap after GC invocations=225 (full 0):
 garbage-first heap   total 81920K, used 32691K [0x0000000700c00000, 0x0000000800000000)
  region size 2048K, 1 young (2048K), 1 survivors (2048K)
 Metaspace       used 67240K, committed 67840K, reserved 1114112K
  class space    used 8309K, committed 8576K, reserved 1048576K
}
Event: 233.418 GC heap before
{Heap before GC invocations=225 (full 0):
 garbage-first heap   total 81920K, used 69555K [0x0000000700c00000, 0x0000000800000000)
  region size 2048K, 19 young (38912K), 1 survivors (2048K)
 Metaspace       used 67240K, committed 67840K, reserved 1114112K
  class space    used 8309K, committed 8576K, reserved 1048576K
}
Event: 233.418 GC heap after
{Heap after GC invocations=226 (full 0):
 garbage-first heap   total 81920K, used 32685K [0x0000000700c00000, 0x0000000800000000)
  region size 2048K, 1 young (2048K), 1 survivors (2048K)
 Metaspace       used 67240K, committed 67840K, reserved 1114112K
  class space    used 8309K, committed 8576K, reserved 1048576K
}
Event: 234.511 GC heap before
{Heap before GC invocations=226 (full 0):
 garbage-first heap   total 81920K, used 69549K [0x0000000700c00000, 0x0000000800000000)
  region size 2048K, 19 young (38912K), 1 survivors (2048K)
 Metaspace       used 67242K, committed 67840K, reserved 1114112K
  class space    used 8309K, committed 8576K, reserved 1048576K
}
Event: 234.512 GC heap after
{Heap after GC invocations=227 (full 0):
 garbage-first heap   total 81920K, used 32694K [0x0000000700c00000, 0x0000000800000000)
  region size 2048K, 1 young (2048K), 1 survivors (2048K)
 Metaspace       used 67242K, committed 67840K, reserved 1114112K
  class space    used 8309K, committed 8576K, reserved 1048576K
}
Event: 235.428 GC heap before
{Heap before GC invocations=227 (full 0):
 garbage-first heap   total 81920K, used 69558K [0x0000000700c00000, 0x0000000800000000)
  region size 2048K, 19 young (38912K), 1 survivors (2048K)
 Metaspace       used 67242K, committed 67840K, reserved 1114112K
  class space    used 8309K, committed 8576K, reserved 1048576K
}
Event: 235.429 GC heap after
{Heap after GC invocations=228 (full 0):
 garbage-first heap   total 81920K, used 32689K [0x0000000700c00000, 0x0000000800000000)
  region size 2048K, 1 young (2048K), 1 survivors (2048K)
 Metaspace       used 67242K, committed 67840K, reserved 1114112K
  class space    used 8309K, committed 8576K, reserved 1048576K
}
Event: 236.554 GC heap before
{Heap before GC invocations=228 (full 0):
 garbage-first heap   total 81920K, used 69553K [0x0000000700c00000, 0x0000000800000000)
  region size 2048K, 19 young (38912K), 1 survivors (2048K)
 Metaspace       used 67244K, committed 67840K, reserved 1114112K
  class space    used 8309K, committed 8576K, reserved 1048576K
}
Event: 236.555 GC heap after
{Heap after GC invocations=229 (full 0):
 garbage-first heap   total 81920K, used 32680K [0x0000000700c00000, 0x0000000800000000)
  region size 2048K, 1 young (2048K), 1 survivors (2048K)
 Metaspace       used 67244K, committed 67840K, reserved 1114112K
  class space    used 8309K, committed 8576K, reserved 1048576K
}
Event: 237.455 GC heap before
{Heap before GC invocations=229 (full 0):
 garbage-first heap   total 81920K, used 69544K [0x0000000700c00000, 0x0000000800000000)
  region size 2048K, 19 young (38912K), 1 survivors (2048K)
 Metaspace       used 67244K, committed 67840K, reserved 1114112K
  class space    used 8309K, committed 8576K, reserved 1048576K
}
Event: 237.456 GC heap after
{Heap after GC invocations=230 (full 0):
 garbage-first heap   total 81920K, used 32680K [0x0000000700c00000, 0x0000000800000000)
  region size 2048K, 1 young (2048K), 1 survivors (2048K)
 Metaspace       used 67244K, committed 67840K, reserved 1114112K
  class space    used 8309K, committed 8576K, reserved 1048576K
}
Event: 238.871 GC heap before
{Heap before GC invocations=230 (full 0):
 garbage-first heap   total 81920K, used 69544K [0x0000000700c00000, 0x0000000800000000)
  region size 2048K, 19 young (38912K), 1 survivors (2048K)
 Metaspace       used 67244K, committed 67840K, reserved 1114112K
  class space    used 8309K, committed 8576K, reserved 1048576K
}
Event: 238.871 GC heap after
{Heap after GC invocations=231 (full 0):
 garbage-first heap   total 81920K, used 32689K [0x0000000700c00000, 0x0000000800000000)
  region size 2048K, 1 young (2048K), 1 survivors (2048K)
 Metaspace       used 67244K, committed 67840K, reserved 1114112K
  class space    used 8309K, committed 8576K, reserved 1048576K
}
Event: 239.982 GC heap before
{Heap before GC invocations=231 (full 0):
 garbage-first heap   total 81920K, used 69553K [0x0000000700c00000, 0x0000000800000000)
  region size 2048K, 19 young (38912K), 1 survivors (2048K)
 Metaspace       used 67244K, committed 67840K, reserved 1114112K
  class space    used 8309K, committed 8576K, reserved 1048576K
}
Event: 239.983 GC heap after
{Heap after GC invocations=232 (full 0):
 garbage-first heap   total 81920K, used 32654K [0x0000000700c00000, 0x0000000800000000)
  region size 2048K, 1 young (2048K), 1 survivors (2048K)
 Metaspace       used 67244K, committed 67840K, reserved 1114112K
  class space    used 8309K, committed 8576K, reserved 1048576K
}
Event: 240.905 GC heap before
{Heap before GC invocations=232 (full 0):
 garbage-first heap   total 81920K, used 69518K [0x0000000700c00000, 0x0000000800000000)
  region size 2048K, 19 young (38912K), 1 survivors (2048K)
 Metaspace       used 67244K, committed 67840K, reserved 1114112K
  class space    used 8309K, committed 8576K, reserved 1048576K
}
Event: 240.906 GC heap after
{Heap after GC invocations=233 (full 0):
 garbage-first heap   total 81920K, used 32694K [0x0000000700c00000, 0x0000000800000000)
  region size 2048K, 1 young (2048K), 1 survivors (2048K)
 Metaspace       used 67244K, committed 67840K, reserved 1114112K
  class space    used 8309K, committed 8576K, reserved 1048576K
}
Event: 242.126 GC heap before
{Heap before GC invocations=233 (full 0):
 garbage-first heap   total 81920K, used 69558K [0x0000000700c00000, 0x0000000800000000)
  region size 2048K, 19 young (38912K), 1 survivors (2048K)
 Metaspace       used 67244K, committed 67840K, reserved 1114112K
  class space    used 8309K, committed 8576K, reserved 1048576K
}
Event: 242.127 GC heap after
{Heap after GC invocations=234 (full 0):
 garbage-first heap   total 81920K, used 32664K [0x0000000700c00000, 0x0000000800000000)
  region size 2048K, 1 young (2048K), 1 survivors (2048K)
 Metaspace       used 67244K, committed 67840K, reserved 1114112K
  class space    used 8309K, committed 8576K, reserved 1048576K
}

